Copyright 1986-2022 Xilinx, Inc. All Rights Reserved. Copyright 2022-2023 Advanced Micro Devices, Inc. All Rights Reserved.
---------------------------------------------------------------------------------------------------------------------------------------------------------------------------------------------------------------------------------
| Tool Version : Vivado v.2023.2 (win64) Build 4029153 Fri Oct 13 20:14:34 MDT 2023
| Date         : Tue Oct  8 17:34:31 2024
| Host         : COMSYS01 running 64-bit major release  (build 9200)
| Command      : report_timing_summary -max_paths 10 -report_unconstrained -file Four_counter_timing_summary_routed.rpt -pb Four_counter_timing_summary_routed.pb -rpx Four_counter_timing_summary_routed.rpx -warn_on_violation
| Design       : Four_counter
| Device       : 7z007s-clg400
| Speed File   : -1  PRODUCTION 1.12 2019-11-22
| Design State : Routed
---------------------------------------------------------------------------------------------------------------------------------------------------------------------------------------------------------------------------------

Timing Summary Report

------------------------------------------------------------------------------------------------
| Timer Settings
| --------------
------------------------------------------------------------------------------------------------

  Enable Multi Corner Analysis               :  Yes
  Enable Pessimism Removal                   :  Yes
  Pessimism Removal Resolution               :  Nearest Common Node
  Enable Input Delay Default Clock           :  No
  Enable Preset / Clear Arcs                 :  No
  Disable Flight Delays                      :  No
  Ignore I/O Paths                           :  No
  Timing Early Launch at Borrowing Latches   :  No
  Borrow Time for Max Delay Exceptions       :  Yes
  Merge Timing Exceptions                    :  Yes
  Inter-SLR Compensation                     :  Conservative

  Corner  Analyze    Analyze    
  Name    Max Paths  Min Paths  
  ------  ---------  ---------  
  Slow    Yes        Yes        
  Fast    Yes        Yes        


------------------------------------------------------------------------------------------------
| Report Methodology
| ------------------
------------------------------------------------------------------------------------------------

Rule       Severity          Description                  Violations  
---------  ----------------  ---------------------------  ----------  
TIMING-17  Critical Warning  Non-clocked sequential cell  4           

Note: This report is based on the most recent report_methodology run and may not be up-to-date. Run report_methodology on the current design for the latest report.



check_timing report

Table of Contents
-----------------
1. checking no_clock (4)
2. checking constant_clock (0)
3. checking pulse_width_clock (0)
4. checking unconstrained_internal_endpoints (8)
5. checking no_input_delay (1)
6. checking no_output_delay (4)
7. checking multiple_clock (0)
8. checking generated_clocks (0)
9. checking loops (0)
10. checking partial_input_delay (0)
11. checking partial_output_delay (0)
12. checking latch_loops (0)

1. checking no_clock (4)
------------------------
 There are 4 register/latch pins with no clock driven by root clock pin: clk (HIGH)


2. checking constant_clock (0)
------------------------------
 There are 0 register/latch pins with constant_clock.


3. checking pulse_width_clock (0)
---------------------------------
 There are 0 register/latch pins which need pulse_width check


4. checking unconstrained_internal_endpoints (8)
------------------------------------------------
 There are 8 pins that are not constrained for maximum delay. (HIGH)

 There are 0 pins that are not constrained for maximum delay due to constant clock.


5. checking no_input_delay (1)
------------------------------
 There is 1 input port with no input delay specified. (HIGH)

 There are 0 input ports with no input delay but user has a false path constraint.


6. checking no_output_delay (4)
-------------------------------
 There are 4 ports with no output delay specified. (HIGH)

 There are 0 ports with no output delay but user has a false path constraint

 There are 0 ports with no output delay but with a timing clock defined on it or propagating through it


7. checking multiple_clock (0)
------------------------------
 There are 0 register/latch pins with multiple clocks.


8. checking generated_clocks (0)
--------------------------------
 There are 0 generated clocks that are not connected to a clock source.


9. checking loops (0)
---------------------
 There are 0 combinational loops in the design.


10. checking partial_input_delay (0)
------------------------------------
 There are 0 input ports with partial input delay specified.


11. checking partial_output_delay (0)
-------------------------------------
 There are 0 ports with partial output delay specified.


12. checking latch_loops (0)
----------------------------
 There are 0 combinational latch loops in the design through latch input



------------------------------------------------------------------------------------------------
| Design Timing Summary
| ---------------------
------------------------------------------------------------------------------------------------

    WNS(ns)      TNS(ns)  TNS Failing Endpoints  TNS Total Endpoints      WHS(ns)      THS(ns)  THS Failing Endpoints  THS Total Endpoints     WPWS(ns)     TPWS(ns)  TPWS Failing Endpoints  TPWS Total Endpoints  
    -------      -------  ---------------------  -------------------      -------      -------  ---------------------  -------------------     --------     --------  ----------------------  --------------------  
        inf        0.000                      0                   12          inf        0.000                      0                   12           NA           NA                      NA                    NA  


There are no user specified timing constraints.


------------------------------------------------------------------------------------------------
| Clock Summary
| -------------
------------------------------------------------------------------------------------------------


------------------------------------------------------------------------------------------------
| Intra Clock Table
| -----------------
------------------------------------------------------------------------------------------------

Clock             WNS(ns)      TNS(ns)  TNS Failing Endpoints  TNS Total Endpoints      WHS(ns)      THS(ns)  THS Failing Endpoints  THS Total Endpoints     WPWS(ns)     TPWS(ns)  TPWS Failing Endpoints  TPWS Total Endpoints  
-----             -------      -------  ---------------------  -------------------      -------      -------  ---------------------  -------------------     --------     --------  ----------------------  --------------------  


------------------------------------------------------------------------------------------------
| Inter Clock Table
| -----------------
------------------------------------------------------------------------------------------------

From Clock    To Clock          WNS(ns)      TNS(ns)  TNS Failing Endpoints  TNS Total Endpoints      WHS(ns)      THS(ns)  THS Failing Endpoints  THS Total Endpoints  
----------    --------          -------      -------  ---------------------  -------------------      -------      -------  ---------------------  -------------------  


------------------------------------------------------------------------------------------------
| Other Path Groups Table
| -----------------------
------------------------------------------------------------------------------------------------

Path Group    From Clock    To Clock          WNS(ns)      TNS(ns)  TNS Failing Endpoints  TNS Total Endpoints      WHS(ns)      THS(ns)  THS Failing Endpoints  THS Total Endpoints  
----------    ----------    --------          -------      -------  ---------------------  -------------------      -------      -------  ---------------------  -------------------  


------------------------------------------------------------------------------------------------
| User Ignored Path Table
| -----------------------
------------------------------------------------------------------------------------------------

Path Group    From Clock    To Clock    
----------    ----------    --------    


------------------------------------------------------------------------------------------------
| Unconstrained Path Table
| ------------------------
------------------------------------------------------------------------------------------------

Path Group    From Clock    To Clock    
----------    ----------    --------    
(none)                                    


------------------------------------------------------------------------------------------------
| Timing Details
| --------------
------------------------------------------------------------------------------------------------


--------------------------------------------------------------------------------------
Path Group:  (none)
From Clock:  
  To Clock:  

Max Delay            12 Endpoints
Min Delay            12 Endpoints
--------------------------------------------------------------------------------------


Max Delay Paths
--------------------------------------------------------------------------------------
Slack:                    inf
  Source:                 d2/q_reg/C
                            (rising edge-triggered cell FDRE)
  Destination:            q[2]
                            (output port)
  Path Group:             (none)
  Path Type:              Max at Slow Process Corner
  Data Path Delay:        6.355ns  (logic 4.214ns (66.305%)  route 2.141ns (33.695%))
  Logic Levels:           2  (FDRE=1 OBUF=1)

    Location             Delay type                Incr(ns)  Path(ns)    Netlist Resource(s)
  -------------------------------------------------------------------    -------------------
    SLICE_X43Y34         FDRE                         0.000     0.000 r  d2/q_reg/C
    SLICE_X43Y34         FDRE (Prop_fdre_C_Q)         0.419     0.419 r  d2/q_reg/Q
                         net (fo=3, routed)           2.141     2.560    q_OBUF[2]
    T11                  OBUF (Prop_obuf_I_O)         3.795     6.355 r  q_OBUF[2]_inst/O
                         net (fo=0)                   0.000     6.355    q[2]
    T11                                                               r  q[2] (OUT)
  -------------------------------------------------------------------    -------------------

Slack:                    inf
  Source:                 d3/q_reg/C
                            (rising edge-triggered cell FDRE)
  Destination:            q[3]
                            (output port)
  Path Group:             (none)
  Path Type:              Max at Slow Process Corner
  Data Path Delay:        6.139ns  (logic 4.068ns (66.268%)  route 2.071ns (33.732%))
  Logic Levels:           2  (FDRE=1 OBUF=1)

    Location             Delay type                Incr(ns)  Path(ns)    Netlist Resource(s)
  -------------------------------------------------------------------    -------------------
    SLICE_X43Y34         FDRE                         0.000     0.000 r  d3/q_reg/C
    SLICE_X43Y34         FDRE (Prop_fdre_C_Q)         0.456     0.456 r  d3/q_reg/Q
                         net (fo=2, routed)           2.071     2.527    q_OBUF[3]
    T10                  OBUF (Prop_obuf_I_O)         3.612     6.139 r  q_OBUF[3]_inst/O
                         net (fo=0)                   0.000     6.139    q[3]
    T10                                                               r  q[3] (OUT)
  -------------------------------------------------------------------    -------------------

Slack:                    inf
  Source:                 d0/q_reg/C
                            (rising edge-triggered cell FDRE)
  Destination:            q[0]
                            (output port)
  Path Group:             (none)
  Path Type:              Max at Slow Process Corner
  Data Path Delay:        5.854ns  (logic 4.156ns (70.985%)  route 1.699ns (29.015%))
  Logic Levels:           2  (FDRE=1 OBUF=1)

    Location             Delay type                Incr(ns)  Path(ns)    Netlist Resource(s)
  -------------------------------------------------------------------    -------------------
    SLICE_X42Y34         FDRE                         0.000     0.000 r  d0/q_reg/C
    SLICE_X42Y34         FDRE (Prop_fdre_C_Q)         0.518     0.518 r  d0/q_reg/Q
                         net (fo=5, routed)           1.699     2.217    q_OBUF[0]
    W14                  OBUF (Prop_obuf_I_O)         3.638     5.854 r  q_OBUF[0]_inst/O
                         net (fo=0)                   0.000     5.854    q[0]
    W14                                                               r  q[0] (OUT)
  -------------------------------------------------------------------    -------------------

Slack:                    inf
  Source:                 d1/q_reg/C
                            (rising edge-triggered cell FDRE)
  Destination:            q[1]
                            (output port)
  Path Group:             (none)
  Path Type:              Max at Slow Process Corner
  Data Path Delay:        5.795ns  (logic 4.096ns (70.679%)  route 1.699ns (29.321%))
  Logic Levels:           2  (FDRE=1 OBUF=1)

    Location             Delay type                Incr(ns)  Path(ns)    Netlist Resource(s)
  -------------------------------------------------------------------    -------------------
    SLICE_X43Y34         FDRE                         0.000     0.000 r  d1/q_reg/C
    SLICE_X43Y34         FDRE (Prop_fdre_C_Q)         0.456     0.456 r  d1/q_reg/Q
                         net (fo=4, routed)           1.699     2.155    q_OBUF[1]
    Y14                  OBUF (Prop_obuf_I_O)         3.640     5.795 r  q_OBUF[1]_inst/O
                         net (fo=0)                   0.000     5.795    q[1]
    Y14                                                               r  q[1] (OUT)
  -------------------------------------------------------------------    -------------------

Slack:                    inf
  Source:                 rst
                            (input port)
  Destination:            d0/q_reg/R
  Path Group:             (none)
  Path Type:              Max at Slow Process Corner
  Data Path Delay:        3.209ns  (logic 1.492ns (46.479%)  route 1.718ns (53.521%))
  Logic Levels:           1  (IBUF=1)

    Location             Delay type                Incr(ns)  Path(ns)    Netlist Resource(s)
  -------------------------------------------------------------------    -------------------
    Y19                                               0.000     0.000 r  rst (IN)
                         net (fo=0)                   0.000     0.000    rst
    Y19                  IBUF (Prop_ibuf_I_O)         1.492     1.492 r  rst_IBUF_inst/O
                         net (fo=4, routed)           1.718     3.209    d0/rst_IBUF
    SLICE_X42Y34         FDRE                                         r  d0/q_reg/R
  -------------------------------------------------------------------    -------------------

Slack:                    inf
  Source:                 rst
                            (input port)
  Destination:            d1/q_reg/R
  Path Group:             (none)
  Path Type:              Max at Slow Process Corner
  Data Path Delay:        3.209ns  (logic 1.492ns (46.479%)  route 1.718ns (53.521%))
  Logic Levels:           1  (IBUF=1)

    Location             Delay type                Incr(ns)  Path(ns)    Netlist Resource(s)
  -------------------------------------------------------------------    -------------------
    Y19                                               0.000     0.000 r  rst (IN)
                         net (fo=0)                   0.000     0.000    rst
    Y19                  IBUF (Prop_ibuf_I_O)         1.492     1.492 r  rst_IBUF_inst/O
                         net (fo=4, routed)           1.718     3.209    d1/rst_IBUF
    SLICE_X43Y34         FDRE                                         r  d1/q_reg/R
  -------------------------------------------------------------------    -------------------

Slack:                    inf
  Source:                 rst
                            (input port)
  Destination:            d2/q_reg/R
  Path Group:             (none)
  Path Type:              Max at Slow Process Corner
  Data Path Delay:        3.209ns  (logic 1.492ns (46.479%)  route 1.718ns (53.521%))
  Logic Levels:           1  (IBUF=1)

    Location             Delay type                Incr(ns)  Path(ns)    Netlist Resource(s)
  -------------------------------------------------------------------    -------------------
    Y19                                               0.000     0.000 r  rst (IN)
                         net (fo=0)                   0.000     0.000    rst
    Y19                  IBUF (Prop_ibuf_I_O)         1.492     1.492 r  rst_IBUF_inst/O
                         net (fo=4, routed)           1.718     3.209    d2/rst_IBUF
    SLICE_X43Y34         FDRE                                         r  d2/q_reg/R
  -------------------------------------------------------------------    -------------------

Slack:                    inf
  Source:                 rst
                            (input port)
  Destination:            d3/q_reg/R
  Path Group:             (none)
  Path Type:              Max at Slow Process Corner
  Data Path Delay:        3.209ns  (logic 1.492ns (46.479%)  route 1.718ns (53.521%))
  Logic Levels:           1  (IBUF=1)

    Location             Delay type                Incr(ns)  Path(ns)    Netlist Resource(s)
  -------------------------------------------------------------------    -------------------
    Y19                                               0.000     0.000 r  rst (IN)
                         net (fo=0)                   0.000     0.000    rst
    Y19                  IBUF (Prop_ibuf_I_O)         1.492     1.492 r  rst_IBUF_inst/O
                         net (fo=4, routed)           1.718     3.209    d3/rst_IBUF
    SLICE_X43Y34         FDRE                                         r  d3/q_reg/R
  -------------------------------------------------------------------    -------------------

Slack:                    inf
  Source:                 d2/q_reg/C
                            (rising edge-triggered cell FDRE)
  Destination:            d2/q_reg/D
  Path Group:             (none)
  Path Type:              Max at Slow Process Corner
  Data Path Delay:        1.628ns  (logic 0.746ns (45.832%)  route 0.882ns (54.168%))
  Logic Levels:           2  (FDRE=1 LUT3=1)

    Location             Delay type                Incr(ns)  Path(ns)    Netlist Resource(s)
  -------------------------------------------------------------------    -------------------
    SLICE_X43Y34         FDRE                         0.000     0.000 r  d2/q_reg/C
    SLICE_X43Y34         FDRE (Prop_fdre_C_Q)         0.419     0.419 r  d2/q_reg/Q
                         net (fo=3, routed)           0.882     1.301    d1/q_reg_0[1]
    SLICE_X43Y34         LUT3 (Prop_lut3_I2_O)        0.327     1.628 r  d1/q_i_1__1/O
                         net (fo=1, routed)           0.000     1.628    d2/n2
    SLICE_X43Y34         FDRE                                         r  d2/q_reg/D
  -------------------------------------------------------------------    -------------------

Slack:                    inf
  Source:                 d3/q_reg/C
                            (rising edge-triggered cell FDRE)
  Destination:            d3/q_reg/D
  Path Group:             (none)
  Path Type:              Max at Slow Process Corner
  Data Path Delay:        1.247ns  (logic 0.580ns (46.500%)  route 0.667ns (53.500%))
  Logic Levels:           2  (FDRE=1 LUT4=1)

    Location             Delay type                Incr(ns)  Path(ns)    Netlist Resource(s)
  -------------------------------------------------------------------    -------------------
    SLICE_X43Y34         FDRE                         0.000     0.000 r  d3/q_reg/C
    SLICE_X43Y34         FDRE (Prop_fdre_C_Q)         0.456     0.456 r  d3/q_reg/Q
                         net (fo=2, routed)           0.667     1.123    d2/q_OBUF[2]
    SLICE_X43Y34         LUT4 (Prop_lut4_I3_O)        0.124     1.247 r  d2/q_i_1__0/O
                         net (fo=1, routed)           0.000     1.247    d3/n3
    SLICE_X43Y34         FDRE                                         r  d3/q_reg/D
  -------------------------------------------------------------------    -------------------





Min Delay Paths
--------------------------------------------------------------------------------------
Slack:                    inf
  Source:                 d2/q_reg/C
                            (rising edge-triggered cell FDRE)
  Destination:            d3/q_reg/D
  Path Group:             (none)
  Path Type:              Min at Fast Process Corner
  Data Path Delay:        0.313ns  (logic 0.227ns (72.479%)  route 0.086ns (27.521%))
  Logic Levels:           2  (FDRE=1 LUT4=1)

    Location             Delay type                Incr(ns)  Path(ns)    Netlist Resource(s)
  -------------------------------------------------------------------    -------------------
    SLICE_X43Y34         FDRE                         0.000     0.000 r  d2/q_reg/C
    SLICE_X43Y34         FDRE (Prop_fdre_C_Q)         0.128     0.128 r  d2/q_reg/Q
                         net (fo=3, routed)           0.086     0.214    d2/q_reg_0[0]
    SLICE_X43Y34         LUT4 (Prop_lut4_I0_O)        0.099     0.313 r  d2/q_i_1__0/O
                         net (fo=1, routed)           0.000     0.313    d3/n3
    SLICE_X43Y34         FDRE                                         r  d3/q_reg/D
  -------------------------------------------------------------------    -------------------

Slack:                    inf
  Source:                 d0/q_reg/C
                            (rising edge-triggered cell FDRE)
  Destination:            d1/q_reg/D
  Path Group:             (none)
  Path Type:              Min at Fast Process Corner
  Data Path Delay:        0.326ns  (logic 0.209ns (64.207%)  route 0.117ns (35.793%))
  Logic Levels:           2  (FDRE=1 LUT2=1)

    Location             Delay type                Incr(ns)  Path(ns)    Netlist Resource(s)
  -------------------------------------------------------------------    -------------------
    SLICE_X42Y34         FDRE                         0.000     0.000 r  d0/q_reg/C
    SLICE_X42Y34         FDRE (Prop_fdre_C_Q)         0.164     0.164 r  d0/q_reg/Q
                         net (fo=5, routed)           0.117     0.281    d1/q_reg_0[0]
    SLICE_X43Y34         LUT2 (Prop_lut2_I1_O)        0.045     0.326 r  d1/q_i_1/O
                         net (fo=1, routed)           0.000     0.326    d1/n1
    SLICE_X43Y34         FDRE                                         r  d1/q_reg/D
  -------------------------------------------------------------------    -------------------

Slack:                    inf
  Source:                 d0/q_reg/C
                            (rising edge-triggered cell FDRE)
  Destination:            d2/q_reg/D
  Path Group:             (none)
  Path Type:              Min at Fast Process Corner
  Data Path Delay:        0.329ns  (logic 0.212ns (64.534%)  route 0.117ns (35.466%))
  Logic Levels:           2  (FDRE=1 LUT3=1)

    Location             Delay type                Incr(ns)  Path(ns)    Netlist Resource(s)
  -------------------------------------------------------------------    -------------------
    SLICE_X42Y34         FDRE                         0.000     0.000 r  d0/q_reg/C
    SLICE_X42Y34         FDRE (Prop_fdre_C_Q)         0.164     0.164 r  d0/q_reg/Q
                         net (fo=5, routed)           0.117     0.281    d1/q_reg_0[0]
    SLICE_X43Y34         LUT3 (Prop_lut3_I1_O)        0.048     0.329 r  d1/q_i_1__1/O
                         net (fo=1, routed)           0.000     0.329    d2/n2
    SLICE_X43Y34         FDRE                                         r  d2/q_reg/D
  -------------------------------------------------------------------    -------------------

Slack:                    inf
  Source:                 d0/q_reg/C
                            (rising edge-triggered cell FDRE)
  Destination:            d0/q_reg/D
  Path Group:             (none)
  Path Type:              Min at Fast Process Corner
  Data Path Delay:        0.407ns  (logic 0.209ns (51.413%)  route 0.198ns (48.587%))
  Logic Levels:           2  (FDRE=1 LUT1=1)

    Location             Delay type                Incr(ns)  Path(ns)    Netlist Resource(s)
  -------------------------------------------------------------------    -------------------
    SLICE_X42Y34         FDRE                         0.000     0.000 r  d0/q_reg/C
    SLICE_X42Y34         FDRE (Prop_fdre_C_Q)         0.164     0.164 f  d0/q_reg/Q
                         net (fo=5, routed)           0.198     0.362    d0/q_OBUF[0]
    SLICE_X42Y34         LUT1 (Prop_lut1_I0_O)        0.045     0.407 r  d0/q_i_1__2/O
                         net (fo=1, routed)           0.000     0.407    d0/d0
    SLICE_X42Y34         FDRE                                         r  d0/q_reg/D
  -------------------------------------------------------------------    -------------------

Slack:                    inf
  Source:                 rst
                            (input port)
  Destination:            d0/q_reg/R
  Path Group:             (none)
  Path Type:              Min at Fast Process Corner
  Data Path Delay:        0.974ns  (logic 0.259ns (26.623%)  route 0.715ns (73.377%))
  Logic Levels:           1  (IBUF=1)

    Location             Delay type                Incr(ns)  Path(ns)    Netlist Resource(s)
  -------------------------------------------------------------------    -------------------
    Y19                                               0.000     0.000 r  rst (IN)
                         net (fo=0)                   0.000     0.000    rst
    Y19                  IBUF (Prop_ibuf_I_O)         0.259     0.259 r  rst_IBUF_inst/O
                         net (fo=4, routed)           0.715     0.974    d0/rst_IBUF
    SLICE_X42Y34         FDRE                                         r  d0/q_reg/R
  -------------------------------------------------------------------    -------------------

Slack:                    inf
  Source:                 rst
                            (input port)
  Destination:            d1/q_reg/R
  Path Group:             (none)
  Path Type:              Min at Fast Process Corner
  Data Path Delay:        0.974ns  (logic 0.259ns (26.623%)  route 0.715ns (73.377%))
  Logic Levels:           1  (IBUF=1)

    Location             Delay type                Incr(ns)  Path(ns)    Netlist Resource(s)
  -------------------------------------------------------------------    -------------------
    Y19                                               0.000     0.000 r  rst (IN)
                         net (fo=0)                   0.000     0.000    rst
    Y19                  IBUF (Prop_ibuf_I_O)         0.259     0.259 r  rst_IBUF_inst/O
                         net (fo=4, routed)           0.715     0.974    d1/rst_IBUF
    SLICE_X43Y34         FDRE                                         r  d1/q_reg/R
  -------------------------------------------------------------------    -------------------

Slack:                    inf
  Source:                 rst
                            (input port)
  Destination:            d2/q_reg/R
  Path Group:             (none)
  Path Type:              Min at Fast Process Corner
  Data Path Delay:        0.974ns  (logic 0.259ns (26.623%)  route 0.715ns (73.377%))
  Logic Levels:           1  (IBUF=1)

    Location             Delay type                Incr(ns)  Path(ns)    Netlist Resource(s)
  -------------------------------------------------------------------    -------------------
    Y19                                               0.000     0.000 r  rst (IN)
                         net (fo=0)                   0.000     0.000    rst
    Y19                  IBUF (Prop_ibuf_I_O)         0.259     0.259 r  rst_IBUF_inst/O
                         net (fo=4, routed)           0.715     0.974    d2/rst_IBUF
    SLICE_X43Y34         FDRE                                         r  d2/q_reg/R
  -------------------------------------------------------------------    -------------------

Slack:                    inf
  Source:                 rst
                            (input port)
  Destination:            d3/q_reg/R
  Path Group:             (none)
  Path Type:              Min at Fast Process Corner
  Data Path Delay:        0.974ns  (logic 0.259ns (26.623%)  route 0.715ns (73.377%))
  Logic Levels:           1  (IBUF=1)

    Location             Delay type                Incr(ns)  Path(ns)    Netlist Resource(s)
  -------------------------------------------------------------------    -------------------
    Y19                                               0.000     0.000 r  rst (IN)
                         net (fo=0)                   0.000     0.000    rst
    Y19                  IBUF (Prop_ibuf_I_O)         0.259     0.259 r  rst_IBUF_inst/O
                         net (fo=4, routed)           0.715     0.974    d3/rst_IBUF
    SLICE_X43Y34         FDRE                                         r  d3/q_reg/R
  -------------------------------------------------------------------    -------------------

Slack:                    inf
  Source:                 d1/q_reg/C
                            (rising edge-triggered cell FDRE)
  Destination:            q[1]
                            (output port)
  Path Group:             (none)
  Path Type:              Min at Fast Process Corner
  Data Path Delay:        1.831ns  (logic 1.481ns (80.874%)  route 0.350ns (19.126%))
  Logic Levels:           2  (FDRE=1 OBUF=1)

    Location             Delay type                Incr(ns)  Path(ns)    Netlist Resource(s)
  -------------------------------------------------------------------    -------------------
    SLICE_X43Y34         FDRE                         0.000     0.000 r  d1/q_reg/C
    SLICE_X43Y34         FDRE (Prop_fdre_C_Q)         0.141     0.141 r  d1/q_reg/Q
                         net (fo=4, routed)           0.350     0.491    q_OBUF[1]
    Y14                  OBUF (Prop_obuf_I_O)         1.340     1.831 r  q_OBUF[1]_inst/O
                         net (fo=0)                   0.000     1.831    q[1]
    Y14                                                               r  q[1] (OUT)
  -------------------------------------------------------------------    -------------------

Slack:                    inf
  Source:                 d0/q_reg/C
                            (rising edge-triggered cell FDRE)
  Destination:            q[0]
                            (output port)
  Path Group:             (none)
  Path Type:              Min at Fast Process Corner
  Data Path Delay:        1.867ns  (logic 1.501ns (80.418%)  route 0.366ns (19.582%))
  Logic Levels:           2  (FDRE=1 OBUF=1)

    Location             Delay type                Incr(ns)  Path(ns)    Netlist Resource(s)
  -------------------------------------------------------------------    -------------------
    SLICE_X42Y34         FDRE                         0.000     0.000 r  d0/q_reg/C
    SLICE_X42Y34         FDRE (Prop_fdre_C_Q)         0.164     0.164 r  d0/q_reg/Q
                         net (fo=5, routed)           0.366     0.530    q_OBUF[0]
    W14                  OBUF (Prop_obuf_I_O)         1.337     1.867 r  q_OBUF[0]_inst/O
                         net (fo=0)                   0.000     1.867    q[0]
    W14                                                               r  q[0] (OUT)
  -------------------------------------------------------------------    -------------------





