
*** Running vivado
    with args -log FSM_Security.vds -m64 -product Vivado -mode batch -messageDb vivado.pb -notrace -source FSM_Security.tcl


ECHO가 설정되어 있지 않습니다.
ECHO가 설정되어 있지 않습니다.

****** Vivado v2023.2 (64-bit)
  **** SW Build 4029153 on Fri Oct 13 20:14:34 MDT 2023
  **** IP Build 4028589 on Sat Oct 14 00:45:43 MDT 2023
  **** SharedData Build 4025554 on Tue Oct 10 17:18:54 MDT 2023
    ** Copyright 1986-2022 Xilinx, Inc. All Rights Reserved.
    ** Copyright 2022-2023 Advanced Micro Devices, Inc. All Rights Reserved.

source FSM_Security.tcl -notrace
Command: read_checkpoint -auto_incremental -incremental C:/Verilog/FSM_security/FSM_security.srcs/utils_1/imports/synth_1/FSM_Sequrity.dcp
INFO: [Vivado 12-5825] Read reference checkpoint from C:/Verilog/FSM_security/FSM_security.srcs/utils_1/imports/synth_1/FSM_Sequrity.dcp for incremental synthesis
INFO: [Vivado 12-7989] Please ensure there are no constraint changes
Command: synth_design -top FSM_Security -part xc7z007sclg400-1
Starting synth_design
Attempting to get a license for feature 'Synthesis' and/or device 'xc7z007s'
INFO: [Common 17-349] Got license for feature 'Synthesis' and/or device 'xc7z007s'
INFO: [Device 21-403] Loading part xc7z007sclg400-1
INFO: [Designutils 20-5440] No compile time benefit to using incremental synthesis; A full resynthesis will be run
INFO: [Designutils 20-4379] Flow is switching to default flow due to incremental criteria not met. If you would like to alter this behaviour and have the flow terminate instead, please set the following parameter config_implementation {autoIncr.Synth.RejectBehavior Terminate}
INFO: [Synth 8-7079] Multithreading enabled for synth_design using a maximum of 2 processes.
INFO: [Synth 8-7078] Launching helper process for spawning children vivado processes
INFO: [Synth 8-7075] Helper process launched with PID 21444
---------------------------------------------------------------------------------
Starting RTL Elaboration : Time (s): cpu = 00:00:01 ; elapsed = 00:00:03 . Memory (MB): peak = 1313.527 ; gain = 439.879
---------------------------------------------------------------------------------
INFO: [Synth 8-11241] undeclared symbol 'digit', assumed default net type 'wire' [C:/Verilog/FSM_security/FSM_security.srcs/sources_1/new/FSM_Sequrity.v:122]
INFO: [Synth 8-6157] synthesizing module 'FSM_Security' [C:/Verilog/FSM_security/FSM_security.srcs/sources_1/new/FSM_Sequrity.v:4]
WARNING: [Synth 8-151] case item 4'b0010 is unreachable [C:/Verilog/FSM_security/FSM_security.srcs/sources_1/new/FSM_Sequrity.v:143]
WARNING: [Synth 8-151] case item 4'b0011 is unreachable [C:/Verilog/FSM_security/FSM_security.srcs/sources_1/new/FSM_Sequrity.v:144]
WARNING: [Synth 8-151] case item 4'b0100 is unreachable [C:/Verilog/FSM_security/FSM_security.srcs/sources_1/new/FSM_Sequrity.v:145]
WARNING: [Synth 8-151] case item 4'b0101 is unreachable [C:/Verilog/FSM_security/FSM_security.srcs/sources_1/new/FSM_Sequrity.v:146]
WARNING: [Synth 8-151] case item 4'b0110 is unreachable [C:/Verilog/FSM_security/FSM_security.srcs/sources_1/new/FSM_Sequrity.v:147]
WARNING: [Synth 8-151] case item 4'b0111 is unreachable [C:/Verilog/FSM_security/FSM_security.srcs/sources_1/new/FSM_Sequrity.v:148]
WARNING: [Synth 8-151] case item 4'b1000 is unreachable [C:/Verilog/FSM_security/FSM_security.srcs/sources_1/new/FSM_Sequrity.v:149]
WARNING: [Synth 8-151] case item 4'b1001 is unreachable [C:/Verilog/FSM_security/FSM_security.srcs/sources_1/new/FSM_Sequrity.v:150]
INFO: [Synth 8-226] default block is never used [C:/Verilog/FSM_security/FSM_security.srcs/sources_1/new/FSM_Sequrity.v:127]
INFO: [Synth 8-6155] done synthesizing module 'FSM_Security' (0#1) [C:/Verilog/FSM_security/FSM_security.srcs/sources_1/new/FSM_Sequrity.v:4]
---------------------------------------------------------------------------------
Finished RTL Elaboration : Time (s): cpu = 00:00:02 ; elapsed = 00:00:04 . Memory (MB): peak = 1420.879 ; gain = 547.230
---------------------------------------------------------------------------------
---------------------------------------------------------------------------------
Start Handling Custom Attributes
---------------------------------------------------------------------------------
---------------------------------------------------------------------------------
Finished Handling Custom Attributes : Time (s): cpu = 00:00:02 ; elapsed = 00:00:04 . Memory (MB): peak = 1420.879 ; gain = 547.230
---------------------------------------------------------------------------------
---------------------------------------------------------------------------------
Finished RTL Optimization Phase 1 : Time (s): cpu = 00:00:02 ; elapsed = 00:00:04 . Memory (MB): peak = 1420.879 ; gain = 547.230
---------------------------------------------------------------------------------
Netlist sorting complete. Time (s): cpu = 00:00:00 ; elapsed = 00:00:00.002 . Memory (MB): peak = 1420.879 ; gain = 0.000
INFO: [Project 1-570] Preparing netlist for logic optimization

Processing XDC Constraints
Initializing timing engine
Parsing XDC File [C:/Verilog/FSM_security/FSM_security.srcs/constrs_1/new/FSM_security.xdc]
Finished Parsing XDC File [C:/Verilog/FSM_security/FSM_security.srcs/constrs_1/new/FSM_security.xdc]
INFO: [Project 1-236] Implementation specific constraints were found while reading constraint file [C:/Verilog/FSM_security/FSM_security.srcs/constrs_1/new/FSM_security.xdc]. These constraints will be ignored for synthesis but will be used in implementation. Impacted constraints are listed in the file [.Xil/FSM_Security_propImpl.xdc].
Resolution: To avoid this warning, move constraints listed in [.Xil/FSM_Security_propImpl.xdc] to another XDC file and exclude this new file from synthesis with the used_in_synthesis property (File Properties dialog in GUI) and re-run elaboration/synthesis.
Parsing XDC File [C:/Verilog/FSM_security/FSM_security.srcs/constrs_1/new/Debug.xdc]
Finished Parsing XDC File [C:/Verilog/FSM_security/FSM_security.srcs/constrs_1/new/Debug.xdc]
Completed Processing XDC Constraints

Netlist sorting complete. Time (s): cpu = 00:00:00 ; elapsed = 00:00:00 . Memory (MB): peak = 1439.426 ; gain = 0.000
INFO: [Project 1-111] Unisim Transformation Summary:
No Unisim elements were transformed.

지정된 경로를 찾을 수 없습니다.
Constraint Validation Runtime : Time (s): cpu = 00:00:00 ; elapsed = 00:00:00.001 . Memory (MB): peak = 1439.426 ; gain = 0.000
INFO: [Designutils 20-5440] No compile time benefit to using incremental synthesis; A full resynthesis will be run
INFO: [Designutils 20-4379] Flow is switching to default flow due to incremental criteria not met. If you would like to alter this behaviour and have the flow terminate instead, please set the following parameter config_implementation {autoIncr.Synth.RejectBehavior Terminate}
---------------------------------------------------------------------------------
Finished Constraint Validation : Time (s): cpu = 00:00:03 ; elapsed = 00:00:09 . Memory (MB): peak = 1439.426 ; gain = 565.777
---------------------------------------------------------------------------------
---------------------------------------------------------------------------------
Start Loading Part and Timing Information
---------------------------------------------------------------------------------
Loading part: xc7z007sclg400-1
---------------------------------------------------------------------------------
Finished Loading Part and Timing Information : Time (s): cpu = 00:00:03 ; elapsed = 00:00:09 . Memory (MB): peak = 1439.426 ; gain = 565.777
---------------------------------------------------------------------------------
---------------------------------------------------------------------------------
Start Applying 'set_property' XDC Constraints
---------------------------------------------------------------------------------
---------------------------------------------------------------------------------
Finished applying 'set_property' XDC Constraints : Time (s): cpu = 00:00:03 ; elapsed = 00:00:09 . Memory (MB): peak = 1439.426 ; gain = 565.777
---------------------------------------------------------------------------------
INFO: [Synth 8-802] inferred FSM for state register 'state_reg' in module 'FSM_Security'
INFO: [Synth 8-6159] Found Keep on FSM register 'state_reg' in module 'FSM_Security', re-encoding will not be performed
---------------------------------------------------------------------------------------------------
                   State |                     New Encoding |                Previous Encoding 
---------------------------------------------------------------------------------------------------
                disarmed |                               00 |                               00
                   armed |                               01 |                               01
              wait_delay |                               11 |                               11
                   alarm |                               10 |                               10
---------------------------------------------------------------------------------------------------
---------------------------------------------------------------------------------
Finished RTL Optimization Phase 2 : Time (s): cpu = 00:00:03 ; elapsed = 00:00:09 . Memory (MB): peak = 1439.426 ; gain = 565.777
---------------------------------------------------------------------------------
---------------------------------------------------------------------------------
Start RTL Component Statistics 
---------------------------------------------------------------------------------
Detailed RTL Component Info : 
+---Adders : 
	   2 Input   32 Bit       Adders := 1     
+---Registers : 
	               32 Bit    Registers := 1     
	                1 Bit    Registers := 2     
+---Muxes : 
	   2 Input    7 Bit        Muxes := 1     
	   4 Input    2 Bit        Muxes := 1     
	   2 Input    2 Bit        Muxes := 4     
	   2 Input    1 Bit        Muxes := 4     
	   4 Input    1 Bit        Muxes := 2     
---------------------------------------------------------------------------------
Finished RTL Component Statistics 
---------------------------------------------------------------------------------
---------------------------------------------------------------------------------
Start Part Resource Summary
---------------------------------------------------------------------------------
Part Resources:
DSPs: 66 (col length:40)
BRAMs: 100 (col length: RAMB18 40 RAMB36 20)
---------------------------------------------------------------------------------
Finished Part Resource Summary
---------------------------------------------------------------------------------
---------------------------------------------------------------------------------
Start Cross Boundary and Area Optimization
---------------------------------------------------------------------------------
WARNING: [Synth 8-7080] Parallel synthesis criteria is not met
WARNING: [Synth 8-3917] design FSM_Security has port AN[5] driven by constant 1
WARNING: [Synth 8-3917] design FSM_Security has port AN[4] driven by constant 1
WARNING: [Synth 8-3917] design FSM_Security has port AN[0] driven by constant 0
---------------------------------------------------------------------------------
Finished Cross Boundary and Area Optimization : Time (s): cpu = 00:00:03 ; elapsed = 00:00:10 . Memory (MB): peak = 1439.426 ; gain = 565.777
---------------------------------------------------------------------------------
---------------------------------------------------------------------------------
Start Applying XDC Timing Constraints
---------------------------------------------------------------------------------
---------------------------------------------------------------------------------
Finished Applying XDC Timing Constraints : Time (s): cpu = 00:00:04 ; elapsed = 00:00:13 . Memory (MB): peak = 1439.426 ; gain = 565.777
---------------------------------------------------------------------------------
---------------------------------------------------------------------------------
Start Timing Optimization
---------------------------------------------------------------------------------
---------------------------------------------------------------------------------
Finished Timing Optimization : Time (s): cpu = 00:00:04 ; elapsed = 00:00:13 . Memory (MB): peak = 1439.426 ; gain = 565.777
---------------------------------------------------------------------------------
---------------------------------------------------------------------------------
Start Technology Mapping
---------------------------------------------------------------------------------
---------------------------------------------------------------------------------
Finished Technology Mapping : Time (s): cpu = 00:00:04 ; elapsed = 00:00:13 . Memory (MB): peak = 1439.426 ; gain = 565.777
---------------------------------------------------------------------------------
---------------------------------------------------------------------------------
Start IO Insertion
---------------------------------------------------------------------------------
---------------------------------------------------------------------------------
Start Flattening Before IO Insertion
---------------------------------------------------------------------------------
---------------------------------------------------------------------------------
Finished Flattening Before IO Insertion
---------------------------------------------------------------------------------
---------------------------------------------------------------------------------
Start Final Netlist Cleanup
---------------------------------------------------------------------------------
---------------------------------------------------------------------------------
Finished Final Netlist Cleanup
---------------------------------------------------------------------------------
---------------------------------------------------------------------------------
Finished IO Insertion : Time (s): cpu = 00:00:05 ; elapsed = 00:00:16 . Memory (MB): peak = 1439.426 ; gain = 565.777
---------------------------------------------------------------------------------
---------------------------------------------------------------------------------
Start Renaming Generated Instances
---------------------------------------------------------------------------------
---------------------------------------------------------------------------------
Finished Renaming Generated Instances : Time (s): cpu = 00:00:05 ; elapsed = 00:00:16 . Memory (MB): peak = 1439.426 ; gain = 565.777
---------------------------------------------------------------------------------
---------------------------------------------------------------------------------
Start Rebuilding User Hierarchy
---------------------------------------------------------------------------------
---------------------------------------------------------------------------------
Finished Rebuilding User Hierarchy : Time (s): cpu = 00:00:05 ; elapsed = 00:00:16 . Memory (MB): peak = 1439.426 ; gain = 565.777
---------------------------------------------------------------------------------
---------------------------------------------------------------------------------
Start Renaming Generated Ports
---------------------------------------------------------------------------------
---------------------------------------------------------------------------------
Finished Renaming Generated Ports : Time (s): cpu = 00:00:05 ; elapsed = 00:00:16 . Memory (MB): peak = 1439.426 ; gain = 565.777
---------------------------------------------------------------------------------
---------------------------------------------------------------------------------
Start Handling Custom Attributes
---------------------------------------------------------------------------------
---------------------------------------------------------------------------------
Finished Handling Custom Attributes : Time (s): cpu = 00:00:05 ; elapsed = 00:00:16 . Memory (MB): peak = 1439.426 ; gain = 565.777
---------------------------------------------------------------------------------
---------------------------------------------------------------------------------
Start Renaming Generated Nets
---------------------------------------------------------------------------------
---------------------------------------------------------------------------------
Finished Renaming Generated Nets : Time (s): cpu = 00:00:05 ; elapsed = 00:00:16 . Memory (MB): peak = 1439.426 ; gain = 565.777
---------------------------------------------------------------------------------
---------------------------------------------------------------------------------
Start Writing Synthesis Report
---------------------------------------------------------------------------------

Report BlackBoxes: 
+-+--------------+----------+
| |BlackBox name |Instances |
+-+--------------+----------+
+-+--------------+----------+

Report Cell Usage: 
+------+-------+------+
|      |Cell   |Count |
+------+-------+------+
|1     |BUFG   |     1|
|2     |CARRY4 |    16|
|3     |LUT1   |     3|
|4     |LUT2   |     5|
|5     |LUT3   |     2|
|6     |LUT4   |     3|
|7     |LUT5   |     5|
|8     |LUT6   |    10|
|9     |FDRE   |    66|
|10    |IBUF   |     6|
|11    |OBUF   |     9|
+------+-------+------+
---------------------------------------------------------------------------------
Finished Writing Synthesis Report : Time (s): cpu = 00:00:05 ; elapsed = 00:00:16 . Memory (MB): peak = 1439.426 ; gain = 565.777
---------------------------------------------------------------------------------
Synthesis finished with 0 errors, 0 critical warnings and 4 warnings.
Synthesis Optimization Runtime : Time (s): cpu = 00:00:03 ; elapsed = 00:00:15 . Memory (MB): peak = 1439.426 ; gain = 547.230
Synthesis Optimization Complete : Time (s): cpu = 00:00:05 ; elapsed = 00:00:16 . Memory (MB): peak = 1439.426 ; gain = 565.777
INFO: [Project 1-571] Translating synthesized netlist
Netlist sorting complete. Time (s): cpu = 00:00:00 ; elapsed = 00:00:00.001 . Memory (MB): peak = 1439.426 ; gain = 0.000
INFO: [Netlist 29-17] Analyzing 16 Unisim elements for replacement
INFO: [Netlist 29-28] Unisim Transformation completed in 0 CPU seconds
INFO: [Project 1-570] Preparing netlist for logic optimization
INFO: [Opt 31-138] Pushed 0 inverter(s) to 0 load pin(s).
Netlist sorting complete. Time (s): cpu = 00:00:00 ; elapsed = 00:00:00 . Memory (MB): peak = 1452.871 ; gain = 0.000
INFO: [Project 1-111] Unisim Transformation Summary:
No Unisim elements were transformed.

지정된 경로를 찾을 수 없습니다.
Synth Design complete | Checksum: bd826925
INFO: [Common 17-83] Releasing license: Synthesis
27 Infos, 12 Warnings, 0 Critical Warnings and 0 Errors encountered.
synth_design completed successfully
synth_design: Time (s): cpu = 00:00:05 ; elapsed = 00:00:19 . Memory (MB): peak = 1452.871 ; gain = 975.012
Write ShapeDB Complete: Time (s): cpu = 00:00:00 ; elapsed = 00:00:00.001 . Memory (MB): peak = 1452.871 ; gain = 0.000
INFO: [Common 17-1381] The checkpoint 'C:/Verilog/FSM_security/FSM_security.runs/synth_1/FSM_Security.dcp' has been generated.
INFO: [runtcl-4] Executing : report_utilization -file FSM_Security_utilization_synth.rpt -pb FSM_Security_utilization_synth.pb
INFO: [Common 17-206] Exiting Vivado at Mon Nov  4 12:43:20 2024...
