
*** Running vivado
    with args -log practico_stop_watch.vds -m64 -product Vivado -mode batch -messageDb vivado.pb -notrace -source practico_stop_watch.tcl


ECHO가 설정되어 있지 않습니다.
ECHO가 설정되어 있지 않습니다.

****** Vivado v2023.2 (64-bit)
  **** SW Build 4029153 on Fri Oct 13 20:14:34 MDT 2023
  **** IP Build 4028589 on Sat Oct 14 00:45:43 MDT 2023
  **** SharedData Build 4025554 on Tue Oct 10 17:18:54 MDT 2023
    ** Copyright 1986-2022 Xilinx, Inc. All Rights Reserved.
    ** Copyright 2022-2023 Advanced Micro Devices, Inc. All Rights Reserved.

source practico_stop_watch.tcl -notrace
Command: read_checkpoint -auto_incremental -incremental C:/Verilog/practico_stop_watch/practico_stop_watch.srcs/utils_1/imports/synth_1/stop_watch.dcp
INFO: [Vivado 12-5825] Read reference checkpoint from C:/Verilog/practico_stop_watch/practico_stop_watch.srcs/utils_1/imports/synth_1/stop_watch.dcp for incremental synthesis
INFO: [Vivado 12-7989] Please ensure there are no constraint changes
Command: synth_design -top practico_stop_watch -part xc7z007sclg400-1
Starting synth_design
Attempting to get a license for feature 'Synthesis' and/or device 'xc7z007s'
INFO: [Common 17-349] Got license for feature 'Synthesis' and/or device 'xc7z007s'
INFO: [Device 21-403] Loading part xc7z007sclg400-1
INFO: [Designutils 20-5440] No compile time benefit to using incremental synthesis; A full resynthesis will be run
INFO: [Designutils 20-4379] Flow is switching to default flow due to incremental criteria not met. If you would like to alter this behaviour and have the flow terminate instead, please set the following parameter config_implementation {autoIncr.Synth.RejectBehavior Terminate}
INFO: [Synth 8-7079] Multithreading enabled for synth_design using a maximum of 2 processes.
INFO: [Synth 8-7078] Launching helper process for spawning children vivado processes
INFO: [Synth 8-7075] Helper process launched with PID 15096
---------------------------------------------------------------------------------
Starting RTL Elaboration : Time (s): cpu = 00:00:02 ; elapsed = 00:00:05 . Memory (MB): peak = 1313.562 ; gain = 439.777
---------------------------------------------------------------------------------
INFO: [Synth 8-11241] undeclared symbol 'start_stop', assumed default net type 'wire' [C:/Verilog/practico_stop_watch/practico_stop_watch.srcs/sources_1/new/practico_stop_watch.v:43]
INFO: [Synth 8-6157] synthesizing module 'practico_stop_watch' [C:/Verilog/practico_stop_watch/practico_stop_watch.srcs/sources_1/new/practico_stop_watch.v:3]
INFO: [Synth 8-6155] done synthesizing module 'practico_stop_watch' (0#1) [C:/Verilog/practico_stop_watch/practico_stop_watch.srcs/sources_1/new/practico_stop_watch.v:3]
---------------------------------------------------------------------------------
Finished RTL Elaboration : Time (s): cpu = 00:00:03 ; elapsed = 00:00:07 . Memory (MB): peak = 1421.086 ; gain = 547.301
---------------------------------------------------------------------------------
---------------------------------------------------------------------------------
Start Handling Custom Attributes
---------------------------------------------------------------------------------
---------------------------------------------------------------------------------
Finished Handling Custom Attributes : Time (s): cpu = 00:00:03 ; elapsed = 00:00:07 . Memory (MB): peak = 1421.086 ; gain = 547.301
---------------------------------------------------------------------------------
---------------------------------------------------------------------------------
Finished RTL Optimization Phase 1 : Time (s): cpu = 00:00:03 ; elapsed = 00:00:07 . Memory (MB): peak = 1421.086 ; gain = 547.301
---------------------------------------------------------------------------------
Netlist sorting complete. Time (s): cpu = 00:00:00 ; elapsed = 00:00:00.002 . Memory (MB): peak = 1421.086 ; gain = 0.000
INFO: [Project 1-570] Preparing netlist for logic optimization

Processing XDC Constraints
Initializing timing engine
Parsing XDC File [C:/Verilog/practico_stop_watch/practico_stop_watch.srcs/constrs_1/new/practico_stop_watch.xdc]
Finished Parsing XDC File [C:/Verilog/practico_stop_watch/practico_stop_watch.srcs/constrs_1/new/practico_stop_watch.xdc]
INFO: [Project 1-236] Implementation specific constraints were found while reading constraint file [C:/Verilog/practico_stop_watch/practico_stop_watch.srcs/constrs_1/new/practico_stop_watch.xdc]. These constraints will be ignored for synthesis but will be used in implementation. Impacted constraints are listed in the file [.Xil/practico_stop_watch_propImpl.xdc].
Resolution: To avoid this warning, move constraints listed in [.Xil/practico_stop_watch_propImpl.xdc] to another XDC file and exclude this new file from synthesis with the used_in_synthesis property (File Properties dialog in GUI) and re-run elaboration/synthesis.
Parsing XDC File [C:/Verilog/practico_stop_watch/practico_stop_watch.srcs/constrs_1/new/debug.xdc]
Finished Parsing XDC File [C:/Verilog/practico_stop_watch/practico_stop_watch.srcs/constrs_1/new/debug.xdc]
Completed Processing XDC Constraints

Netlist sorting complete. Time (s): cpu = 00:00:00 ; elapsed = 00:00:00 . Memory (MB): peak = 1461.434 ; gain = 0.000
INFO: [Project 1-111] Unisim Transformation Summary:
No Unisim elements were transformed.

지정된 경로를 찾을 수 없습니다.
Constraint Validation Runtime : Time (s): cpu = 00:00:00 ; elapsed = 00:00:00.002 . Memory (MB): peak = 1461.434 ; gain = 0.000
INFO: [Designutils 20-5440] No compile time benefit to using incremental synthesis; A full resynthesis will be run
INFO: [Designutils 20-4379] Flow is switching to default flow due to incremental criteria not met. If you would like to alter this behaviour and have the flow terminate instead, please set the following parameter config_implementation {autoIncr.Synth.RejectBehavior Terminate}
---------------------------------------------------------------------------------
Finished Constraint Validation : Time (s): cpu = 00:00:07 ; elapsed = 00:00:15 . Memory (MB): peak = 1461.434 ; gain = 587.648
---------------------------------------------------------------------------------
---------------------------------------------------------------------------------
Start Loading Part and Timing Information
---------------------------------------------------------------------------------
Loading part: xc7z007sclg400-1
---------------------------------------------------------------------------------
Finished Loading Part and Timing Information : Time (s): cpu = 00:00:07 ; elapsed = 00:00:15 . Memory (MB): peak = 1461.434 ; gain = 587.648
---------------------------------------------------------------------------------
---------------------------------------------------------------------------------
Start Applying 'set_property' XDC Constraints
---------------------------------------------------------------------------------
Applied set_property MARK_DEBUG = true for SAVE[0]. (constraint file  C:/Verilog/practico_stop_watch/practico_stop_watch.srcs/constrs_1/new/debug.xdc, line 1).
Applied set_property MARK_DEBUG = true for state[0]. (constraint file  C:/Verilog/practico_stop_watch/practico_stop_watch.srcs/constrs_1/new/debug.xdc, line 9).
Applied set_property MARK_DEBUG = true for sec1[0]. (constraint file  C:/Verilog/practico_stop_watch/practico_stop_watch.srcs/constrs_1/new/debug.xdc, line 11).
Applied set_property MARK_DEBUG = true for sec2[0]. (constraint file  C:/Verilog/practico_stop_watch/practico_stop_watch.srcs/constrs_1/new/debug.xdc, line 19).
Applied set_property MARK_DEBUG = true for lap. (constraint file  C:/Verilog/practico_stop_watch/practico_stop_watch.srcs/constrs_1/new/debug.xdc, line 27).
---------------------------------------------------------------------------------
Finished applying 'set_property' XDC Constraints : Time (s): cpu = 00:00:07 ; elapsed = 00:00:15 . Memory (MB): peak = 1461.434 ; gain = 587.648
---------------------------------------------------------------------------------
WARNING: [Synth 8-327] inferring latch for variable 'next_state_reg' [C:/Verilog/practico_stop_watch/practico_stop_watch.srcs/sources_1/new/practico_stop_watch.v:152]
---------------------------------------------------------------------------------
Finished RTL Optimization Phase 2 : Time (s): cpu = 00:00:07 ; elapsed = 00:00:16 . Memory (MB): peak = 1461.434 ; gain = 587.648
---------------------------------------------------------------------------------
---------------------------------------------------------------------------------
Start RTL Component Statistics 
---------------------------------------------------------------------------------
Detailed RTL Component Info : 
+---Adders : 
	   2 Input   28 Bit       Adders := 2     
	   2 Input    8 Bit       Adders := 1     
	   3 Input    4 Bit       Adders := 1     
+---Registers : 
	               28 Bit    Registers := 2     
	                8 Bit    Registers := 3     
	                3 Bit    Registers := 1     
	                1 Bit    Registers := 6     
+---Muxes : 
	   2 Input   28 Bit        Muxes := 1     
	   2 Input    8 Bit        Muxes := 2     
	   2 Input    4 Bit        Muxes := 1     
	   3 Input    2 Bit        Muxes := 1     
	   7 Input    2 Bit        Muxes := 1     
	   2 Input    1 Bit        Muxes := 5     
	   4 Input    1 Bit        Muxes := 1     
---------------------------------------------------------------------------------
Finished RTL Component Statistics 
---------------------------------------------------------------------------------
---------------------------------------------------------------------------------
Start Part Resource Summary
---------------------------------------------------------------------------------
Part Resources:
DSPs: 66 (col length:40)
BRAMs: 100 (col length: RAMB18 40 RAMB36 20)
---------------------------------------------------------------------------------
Finished Part Resource Summary
---------------------------------------------------------------------------------
---------------------------------------------------------------------------------
Start Cross Boundary and Area Optimization
---------------------------------------------------------------------------------
WARNING: [Synth 8-7080] Parallel synthesis criteria is not met
WARNING: [Synth 8-3332] Sequential element (next_state_reg[2]) is unused and will be removed from module practico_stop_watch.
---------------------------------------------------------------------------------
Finished Cross Boundary and Area Optimization : Time (s): cpu = 00:00:09 ; elapsed = 00:00:19 . Memory (MB): peak = 1461.434 ; gain = 587.648
---------------------------------------------------------------------------------
---------------------------------------------------------------------------------
Start Applying XDC Timing Constraints
---------------------------------------------------------------------------------
---------------------------------------------------------------------------------
Finished Applying XDC Timing Constraints : Time (s): cpu = 00:00:11 ; elapsed = 00:00:25 . Memory (MB): peak = 1461.434 ; gain = 587.648
---------------------------------------------------------------------------------
---------------------------------------------------------------------------------
Start Timing Optimization
---------------------------------------------------------------------------------
---------------------------------------------------------------------------------
Finished Timing Optimization : Time (s): cpu = 00:00:11 ; elapsed = 00:00:25 . Memory (MB): peak = 1461.434 ; gain = 587.648
---------------------------------------------------------------------------------
---------------------------------------------------------------------------------
Start Technology Mapping
---------------------------------------------------------------------------------
---------------------------------------------------------------------------------
Finished Technology Mapping : Time (s): cpu = 00:00:11 ; elapsed = 00:00:26 . Memory (MB): peak = 1461.434 ; gain = 587.648
---------------------------------------------------------------------------------
---------------------------------------------------------------------------------
Start IO Insertion
---------------------------------------------------------------------------------
---------------------------------------------------------------------------------
Start Flattening Before IO Insertion
---------------------------------------------------------------------------------
---------------------------------------------------------------------------------
Finished Flattening Before IO Insertion
---------------------------------------------------------------------------------
---------------------------------------------------------------------------------
Start Final Netlist Cleanup
---------------------------------------------------------------------------------
---------------------------------------------------------------------------------
Finished Final Netlist Cleanup
---------------------------------------------------------------------------------
---------------------------------------------------------------------------------
Finished IO Insertion : Time (s): cpu = 00:00:13 ; elapsed = 00:00:30 . Memory (MB): peak = 1461.434 ; gain = 587.648
---------------------------------------------------------------------------------
---------------------------------------------------------------------------------
Start Renaming Generated Instances
---------------------------------------------------------------------------------
---------------------------------------------------------------------------------
Finished Renaming Generated Instances : Time (s): cpu = 00:00:13 ; elapsed = 00:00:30 . Memory (MB): peak = 1461.434 ; gain = 587.648
---------------------------------------------------------------------------------
---------------------------------------------------------------------------------
Start Rebuilding User Hierarchy
---------------------------------------------------------------------------------
---------------------------------------------------------------------------------
Finished Rebuilding User Hierarchy : Time (s): cpu = 00:00:13 ; elapsed = 00:00:30 . Memory (MB): peak = 1461.434 ; gain = 587.648
---------------------------------------------------------------------------------
---------------------------------------------------------------------------------
Start Renaming Generated Ports
---------------------------------------------------------------------------------
---------------------------------------------------------------------------------
Finished Renaming Generated Ports : Time (s): cpu = 00:00:13 ; elapsed = 00:00:30 . Memory (MB): peak = 1461.434 ; gain = 587.648
---------------------------------------------------------------------------------
---------------------------------------------------------------------------------
Start Handling Custom Attributes
---------------------------------------------------------------------------------
---------------------------------------------------------------------------------
Finished Handling Custom Attributes : Time (s): cpu = 00:00:13 ; elapsed = 00:00:30 . Memory (MB): peak = 1461.434 ; gain = 587.648
---------------------------------------------------------------------------------
---------------------------------------------------------------------------------
Start Renaming Generated Nets
---------------------------------------------------------------------------------
---------------------------------------------------------------------------------
Finished Renaming Generated Nets : Time (s): cpu = 00:00:13 ; elapsed = 00:00:30 . Memory (MB): peak = 1461.434 ; gain = 587.648
---------------------------------------------------------------------------------
---------------------------------------------------------------------------------
Start Writing Synthesis Report
---------------------------------------------------------------------------------

Report BlackBoxes: 
+-+--------------+----------+
| |BlackBox name |Instances |
+-+--------------+----------+
+-+--------------+----------+

Report Cell Usage: 
+------+-------+------+
|      |Cell   |Count |
+------+-------+------+
|1     |BUFG   |     1|
|2     |CARRY4 |    21|
|3     |LUT1   |     4|
|4     |LUT2   |    32|
|5     |LUT3   |     7|
|6     |LUT4   |    11|
|7     |LUT5   |    23|
|8     |LUT6   |    34|
|9     |FDRE   |   117|
|10    |LD     |     2|
|11    |IBUF   |     3|
|12    |OBUF   |     8|
+------+-------+------+
---------------------------------------------------------------------------------
Finished Writing Synthesis Report : Time (s): cpu = 00:00:13 ; elapsed = 00:00:30 . Memory (MB): peak = 1461.434 ; gain = 587.648
---------------------------------------------------------------------------------
Synthesis finished with 0 errors, 0 critical warnings and 3 warnings.
Synthesis Optimization Runtime : Time (s): cpu = 00:00:09 ; elapsed = 00:00:29 . Memory (MB): peak = 1461.434 ; gain = 547.301
Synthesis Optimization Complete : Time (s): cpu = 00:00:13 ; elapsed = 00:00:30 . Memory (MB): peak = 1461.434 ; gain = 587.648
INFO: [Project 1-571] Translating synthesized netlist
Netlist sorting complete. Time (s): cpu = 00:00:00 ; elapsed = 00:00:00.003 . Memory (MB): peak = 1461.434 ; gain = 0.000
INFO: [Netlist 29-17] Analyzing 23 Unisim elements for replacement
INFO: [Netlist 29-28] Unisim Transformation completed in 0 CPU seconds
INFO: [Project 1-570] Preparing netlist for logic optimization
INFO: [Opt 31-138] Pushed 0 inverter(s) to 0 load pin(s).
Netlist sorting complete. Time (s): cpu = 00:00:00 ; elapsed = 00:00:00 . Memory (MB): peak = 1461.434 ; gain = 0.000
INFO: [Project 1-111] Unisim Transformation Summary:
  A total of 2 instances were transformed.
  LD => LDCE: 2 instances

지정된 경로를 찾을 수 없습니다.
Synth Design complete | Checksum: e1519f0b
INFO: [Common 17-83] Releasing license: Synthesis
24 Infos, 3 Warnings, 0 Critical Warnings and 0 Errors encountered.
synth_design completed successfully
synth_design: Time (s): cpu = 00:00:15 ; elapsed = 00:00:34 . Memory (MB): peak = 1461.434 ; gain = 982.520
Write ShapeDB Complete: Time (s): cpu = 00:00:00 ; elapsed = 00:00:00.001 . Memory (MB): peak = 1461.434 ; gain = 0.000
INFO: [Common 17-1381] The checkpoint 'C:/Verilog/practico_stop_watch/practico_stop_watch.runs/synth_1/practico_stop_watch.dcp' has been generated.
INFO: [runtcl-4] Executing : report_utilization -file practico_stop_watch_utilization_synth.rpt -pb practico_stop_watch_utilization_synth.pb
INFO: [Common 17-206] Exiting Vivado at Thu Nov  7 09:10:08 2024...
